<?xml version="1.0" encoding="UTF-8" ?>
<testsuite tests="0" failures="0" name="runnerTest.TestRunner" time="0" errors="0" skipped="0">
  <properties>
    <property name="JOB_NAME" value="BDD"/>
    <property name="java.vendor" value="Oracle Corporation"/>
    <property name="sun.java.launcher" value="SUN_STANDARD"/>
    <property name="RUN_TESTS_DISPLAY_URL" value="http://localhost:8080/job/BDD/5/display/redirect?page=tests"/>
    <property name="sun.management.compiler" value="HotSpot 64-Bit Tiered Compilers"/>
    <property name="JENKINS_HOME" value="/Users/omererdogmus/.jenkins"/>
    <property name="PATH" value="/Users/omererdogmus/.jenkins/tools/hudson.model.JDK/bin:/usr/bin:/bin:/usr/sbin:/sbin"/>
    <property name="HUDSON_SERVER_COOKIE" value="d5cd7d9ce1e782c1"/>
    <property name="POM_ARTIFACTID" value="CucumberBDD_C4"/>
    <property name="os.name" value="Mac OS X"/>
    <property name="EXECUTOR_NUMBER" value="0"/>
    <property name="java.vm.specification.vendor" value="Oracle Corporation"/>
    <property name="POM_DISPLAYNAME" value="CucumberBDD_C4"/>
    <property name="NODE_LABELS" value="master"/>
    <property name="java.runtime.version" value="9.0.4+11"/>
    <property name="user.name" value="omererdogmus"/>
    <property name="guice.disable.misplaced.annotation.check" value="true"/>
    <property name="user.language" value="en"/>
    <property name="JOB_BASE_NAME" value="BDD"/>
    <property name="RUN_CHANGES_DISPLAY_URL" value="http://localhost:8080/job/BDD/5/display/redirect?page=changes"/>
    <property name="BUILD_DISPLAY_NAME" value="#5"/>
    <property name="TMPDIR" value="/var/folders/dw/jmyx_3dd02b8jtxcmfxsvx8r0000gn/T/"/>
    <property name="sun.boot.library.path" value="/Users/omererdogmus/.jenkins/tools/hudson.model.JDK/lib"/>
    <property name="java.vm.compressedOopsMode" value="Zero based"/>
    <property name="java.version" value="9.0.4"/>
    <property name="XPC_FLAGS" value="0x0"/>
    <property name="user.timezone" value="America/New_York"/>
    <property name="sun.arch.data.model" value="64"/>
    <property name="NODE_NAME" value="master"/>
    <property name="http.nonProxyHosts" value="local|*.local|169.254/16|*.169.254/16"/>
    <property name="BUILD_ID" value="5"/>
    <property name="sun.cpu.isalist" value=""/>
    <property name="sun.jnu.encoding" value="UTF-8"/>
    <property name="file.encoding.pkg" value="sun.io"/>
    <property name="SHELL" value="/bin/bash"/>
    <property name="file.separator" value="/"/>
    <property name="java.specification.name" value="Java Platform API Specification"/>
    <property name="maven.conf" value="/Users/omererdogmus/.jenkins/tools/hudson.tasks.Maven_MavenInstallation/maven/conf"/>
    <property name="java.class.version" value="53.0"/>
    <property name="org.slf4j.simpleLogger.defaultLogLevel" value="info"/>
    <property name="user.country" value="US"/>
    <property name="java.home" value="/Users/omererdogmus/.jenkins/tools/hudson.model.JDK"/>
    <property name="java.vm.info" value="mixed mode"/>
    <property name="os.version" value="10.15.7"/>
    <property name="RUN_DISPLAY_URL" value="http://localhost:8080/job/BDD/5/display/redirect"/>
    <property name="POM_VERSION" value="1.0-SNAPSHOT"/>
    <property name="sun.font.fontmanager" value="sun.font.CFontManager"/>
    <property name="path.separator" value=":"/>
    <property name="RUN_ARTIFACTS_DISPLAY_URL" value="http://localhost:8080/job/BDD/5/display/redirect?page=artifacts"/>
    <property name="java.vm.version" value="9.0.4+11"/>
    <property name="JOB_DISPLAY_URL" value="http://localhost:8080/job/BDD/display/redirect"/>
    <property name="java.awt.printerjob" value="sun.lwawt.macosx.CPrinterJob"/>
    <property name="JAVA_HOME" value="/Users/omererdogmus/.jenkins/tools/hudson.model.JDK"/>
    <property name="sun.io.unicode.encoding" value="UnicodeBig"/>
    <property name="awt.toolkit" value="sun.lwawt.macosx.LWCToolkit"/>
    <property name="LOGNAME" value="omererdogmus"/>
    <property name="POM_PACKAGING" value="jar"/>
    <property name="socksNonProxyHosts" value="local|*.local|169.254/16|*.169.254/16"/>
    <property name="HOME" value="/Users/omererdogmus"/>
    <property name="ftp.nonProxyHosts" value="local|*.local|169.254/16|*.169.254/16"/>
    <property name="POM_GROUPID" value="org.example"/>
    <property name="user.home" value="/Users/omererdogmus"/>
    <property name="BUILD_TAG" value="jenkins-BDD-5"/>
    <property name="JENKINS_SERVER_COOKIE" value="d5cd7d9ce1e782c1"/>
    <property name="XPC_SERVICE_NAME" value="homebrew.mxcl.jenkins"/>
    <property name="HUDSON_URL" value="http://localhost:8080/"/>
    <property name="java.specification.vendor" value="Oracle Corporation"/>
    <property name="CLASSPATH" value=""/>
    <property name="java.library.path" value="/Users/omererdogmus/Library/Java/Extensions:/Library/Java/Extensions:/Network/Library/Java/Extensions:/System/Library/Java/Extensions:/usr/lib/java:."/>
    <property name="java.vendor.url" value="http://java.oracle.com/"/>
    <property name="java.vm.vendor" value="Oracle Corporation"/>
    <property name="gopherProxySet" value="false"/>
    <property name="java.runtime.name" value="Java(TM) SE Runtime Environment"/>
    <property name="maven.home" value="/Users/omererdogmus/.jenkins/tools/hudson.tasks.Maven_MavenInstallation/maven"/>
    <property name="sun.java.command" value="jenkins.maven3.agent.Maven35Main /Users/omererdogmus/.jenkins/tools/hudson.tasks.Maven_MavenInstallation/maven /Users/omererdogmus/.jenkins/war/WEB-INF/lib/remoting-4.5.jar /Users/omererdogmus/.jenkins/plugins/maven-plugin/WEB-INF/lib/maven35-interceptor-1.13.jar /Users/omererdogmus/.jenkins/plugins/maven-plugin/WEB-INF/lib/maven3-interceptor-commons-1.13.jar 54607"/>
    <property name="java.class.path" value="/Users/omererdogmus/.jenkins/plugins/maven-plugin/WEB-INF/lib/maven35-agent-1.13.jar:/Users/omererdogmus/.jenkins/tools/hudson.tasks.Maven_MavenInstallation/maven/boot/plexus-classworlds-2.6.0.jar:/Users/omererdogmus/.jenkins/tools/hudson.tasks.Maven_MavenInstallation/maven/conf/logging"/>
    <property name="jdk.debug" value="release"/>
    <property name="java.vm.specification.name" value="Java Virtual Machine Specification"/>
    <property name="PATH+JDK" value="/Users/omererdogmus/.jenkins/tools/hudson.model.JDK/bin"/>
    <property name="java.vm.specification.version" value="9"/>
    <property name="M2_HOME" value="/Users/omererdogmus/.jenkins/tools/hudson.tasks.Maven_MavenInstallation/maven"/>
    <property name="sun.cpu.endian" value="little"/>
    <property name="sun.os.patch.level" value="unknown"/>
    <property name="java.io.tmpdir" value="/var/folders/dw/jmyx_3dd02b8jtxcmfxsvx8r0000gn/T/"/>
    <property name="HUDSON_HOME" value="/Users/omererdogmus/.jenkins"/>
    <property name="PATH+MAVEN" value="/Users/omererdogmus/.jenkins/tools/hudson.tasks.Maven_MavenInstallation/maven/bin"/>
    <property name="java.vendor.url.bug" value="http://bugreport.java.com/bugreport/"/>
    <property name="BUILD_URL" value="http://localhost:8080/job/BDD/5/"/>
    <property name="SSH_AUTH_SOCK" value="/private/tmp/com.apple.launchd.Q3eFAjhwem/Listeners"/>
    <property name="os.arch" value="x86_64"/>
    <property name="java.awt.graphicsenv" value="sun.awt.CGraphicsEnvironment"/>
    <property name="__CF_USER_TEXT_ENCODING" value="0x1F5:0x0:0x0"/>
    <property name="user.dir" value="/Users/omererdogmus/IdeaProjects/DarkSky_BDD_Cucumber"/>
    <property name="JOB_URL" value="http://localhost:8080/job/BDD/"/>
    <property name="MAVEN_HOME" value="/Users/omererdogmus/.jenkins/tools/hudson.tasks.Maven_MavenInstallation/maven"/>
    <property name="line.separator" value="
"/>
    <property name="java.vm.name" value="Java HotSpot(TM) 64-Bit Server VM"/>
    <property name="BUILD_NUMBER" value="5"/>
    <property name="JENKINS_URL" value="http://localhost:8080/"/>
    <property name="file.encoding" value="UTF-8"/>
    <property name="maven3.interceptor" value="/Users/omererdogmus/.jenkins/plugins/maven-plugin/WEB-INF/lib/maven35-interceptor-1.13.jar"/>
    <property name="WORKSPACE_TMP" value="/Users/omererdogmus/.jenkins/workspace/BDD@tmp"/>
    <property name="WORKSPACE" value="/Users/omererdogmus/.jenkins/workspace/BDD"/>
    <property name="maven3.interceptor.common" value="/Users/omererdogmus/.jenkins/plugins/maven-plugin/WEB-INF/lib/maven3-interceptor-commons-1.13.jar"/>
    <property name="java.specification.version" value="9"/>
    <property name="JAVA_MAIN_CLASS_388" value="Main"/>
    <property name="USER" value="omererdogmus"/>
  </properties>
</testsuite>